Using pre-set license
Built from '2020.3/staging' branch; Version is '2020.3.16f1 (049d6eca3c44) revision 302446'; Using compiler version '192528614'; Build Type 'Release'
OS: 'Windows 10 Enterprise; OS build 19044.1645; Version 2009; 64bit' Language: 'en' Physical Memory: 32571 MB
BatchMode: 1, IsHumanControllingUs: 0, StartBugReporterOnCrash: 0, Is64bit: 1, IsPro: 0

 COMMAND LINE ARGUMENTS:
C:\Program Files\Unity\Hub\Editor\2020.3.16f1\Editor\Unity.exe
-adb2
-batchMode
-noUpm
-name
AssetImportWorker1
-projectPath
D:/hfuruya/WebRTCTest/MixedRealityWebRTCTesting
-logFile
Logs/AssetImportWorker1.log
-srvPort
59617
Successfully changed project path to: D:/hfuruya/WebRTCTest/MixedRealityWebRTCTesting
D:/hfuruya/WebRTCTest/MixedRealityWebRTCTesting
Using Asset Import Pipeline V2.
Refreshing native plugins compatible for Editor in 107.80 ms, found 17 plugins.
Preloading 2 native plugins for Editor in 6.66 ms.
Initialize engine version: 2020.3.16f1 (049d6eca3c44)
[Subsystems] Discovering subsystems at path C:/Program Files/Unity/Hub/Editor/2020.3.16f1/Editor/Data/Resources/UnitySubsystems
[Subsystems] Discovering subsystems at path D:/hfuruya/WebRTCTest/MixedRealityWebRTCTesting/Assets
GfxDevice: creating device client; threaded=0
Direct3D:
    Version:  Direct3D 11.0 [level 11.1]
    Renderer: NVIDIA GeForce GTX 1070 Ti (ID=0x1b82)
    Vendor:   
    VRAM:     8079 MB
    Driver:   27.21.14.5751
Initialize mono
Mono path[0] = 'C:/Program Files/Unity/Hub/Editor/2020.3.16f1/Editor/Data/Managed'
Mono path[1] = 'C:/Program Files/Unity/Hub/Editor/2020.3.16f1/Editor/Data/MonoBleedingEdge/lib/mono/unityjit'
Mono config path = 'C:/Program Files/Unity/Hub/Editor/2020.3.16f1/Editor/Data/MonoBleedingEdge/etc'
Using monoOptions --debugger-agent=transport=dt_socket,embedding=1,server=y,suspend=n,address=127.0.0.1:56388
Begin MonoManager ReloadAssembly
Registering precompiled unity dll's ...
Register platform support module: C:/Program Files/Unity/Hub/Editor/2020.3.16f1/Editor/Data/PlaybackEngines/WindowsStandaloneSupport/UnityEditor.WindowsStandalone.Extensions.dll
Register platform support module: C:/Program Files/Unity/Hub/Editor/2020.3.16f1/Editor/Data/PlaybackEngines/LinuxStandaloneSupport/UnityEditor.LinuxStandalone.Extensions.dll
Registered in 0.003225 seconds.
Native extension for LinuxStandalone target not found
Native extension for WindowsStandalone target not found
Refreshing native plugins compatible for Editor in 160.51 ms, found 17 plugins.
Preloading 2 native plugins for Editor in 0.16 ms.
Mono: successfully reloaded assembly
- Completed reload, in  3.042 seconds
Domain Reload Profiling:
	ReloadAssembly (3042ms)
		BeginReloadAssembly (75ms)
			ExecutionOrderSort (0ms)
			DisableScriptedObjects (0ms)
			BackupInstance (0ms)
			ReleaseScriptingObjects (0ms)
			CreateAndSetChildDomain (1ms)
		EndReloadAssembly (569ms)
			LoadAssemblies (73ms)
			RebuildTransferFunctionScriptingTraits (0ms)
			SetupTypeCache (148ms)
			ReleaseScriptCaches (0ms)
			RebuildScriptCaches (36ms)
			SetupLoadedEditorAssemblies (306ms)
				LogAssemblyErrors (0ms)
				InitializePlatformSupportModulesInManaged (8ms)
				SetLoadedEditorAssemblies (0ms)
				RefreshPlugins (161ms)
				BeforeProcessingInitializeOnLoad (14ms)
				ProcessInitializeOnLoadAttributes (94ms)
				ProcessInitializeOnLoadMethodAttributes (29ms)
				AfterProcessingInitializeOnLoad (0ms)
				EditorAssembliesLoaded (0ms)
			ExecutionOrderSort2 (0ms)
			AwakeInstancesAfterBackupRestoration (0ms)
Platform modules already initialized, skipping
Registering precompiled user dll's ...
Registered in 0.026746 seconds.
Begin MonoManager ReloadAssembly
Native extension for LinuxStandalone target not found
Native extension for WindowsStandalone target not found
Refreshing native plugins compatible for Editor in 63.75 ms, found 17 plugins.
Preloading 2 native plugins for Editor in 0.11 ms.
The link.xml file in Assets/MixedRealityToolkit.Generated was updated to include "ignoreIfMissing" tags.
This is required in Unity 2021 or later for legacy XR assemblies that are no longer used and is okay if this project is on an earlier version.
UnityEngine.StackTraceUtility:ExtractStackTrace ()
UnityEngine.DebugLogHandler:LogFormat (UnityEngine.LogType,UnityEngine.Object,string,object[])
UnityEngine.Logger:Log (UnityEngine.LogType,object)
UnityEngine.Debug:Log (object)
Microsoft.MixedReality.Toolkit.Utilities.Editor.MixedRealityToolkitPreserveSettings:EnsureLinkXml () (at Library/PackageCache/com.microsoft.mixedreality.toolkit.foundation@14ab9f7ba0e1-1642195040707/Core/Utilities/Editor/Setup/MixedRealityToolkitPreserveSettings.cs:97)
Microsoft.MixedReality.Toolkit.Utilities.Editor.EditorProjectUtilities:.cctor () (at Library/PackageCache/com.microsoft.mixedreality.toolkit.foundation@14ab9f7ba0e1-1642195040707/Core/Utilities/Editor/EditorProjectUtilities.cs:34)
System.Runtime.CompilerServices.RuntimeHelpers:RunClassConstructor (System.RuntimeTypeHandle)
UnityEditor.EditorAssemblies:ProcessInitializeOnLoadAttributes (System.Type[])

(Filename: Library/PackageCache/com.microsoft.mixedreality.toolkit.foundation@14ab9f7ba0e1-1642195040707/Core/Utilities/Editor/Setup/MixedRealityToolkitPreserveSettings.cs Line: 97)

[XR] [MROpenXR][Info   ][18:08:17.284087][tid:13d70] MeshProvider_RegisterLifecycleProvider
[XR] [MROpenXR][Info   ][18:08:17.284214][tid:13d70] InputProvider_RegisterLifeCycleProvider
[XR] Error loading subsystem: Display (1) (header mismatch?)
[XR] [MROpenXR][Info   ][18:08:17.286837][tid:13d70] OnPluginStarted UnityVersion=2020.3.16f1 OpenXRPluginVersion=1.3.1 MROpenXRPluginVersion=1.4.0.0 PartA_PrivTags=33554432
Mono: successfully reloaded assembly
- Completed reload, in  3.152 seconds
Domain Reload Profiling:
	ReloadAssembly (3152ms)
		BeginReloadAssembly (158ms)
			ExecutionOrderSort (0ms)
			DisableScriptedObjects (4ms)
			BackupInstance (0ms)
			ReleaseScriptingObjects (0ms)
			CreateAndSetChildDomain (18ms)
		EndReloadAssembly (2926ms)
			LoadAssemblies (178ms)
			RebuildTransferFunctionScriptingTraits (0ms)
			SetupTypeCache (325ms)
			ReleaseScriptCaches (1ms)
			RebuildScriptCaches (89ms)
			SetupLoadedEditorAssemblies (2215ms)
				LogAssemblyErrors (0ms)
				InitializePlatformSupportModulesInManaged (6ms)
				SetLoadedEditorAssemblies (0ms)
				RefreshPlugins (64ms)
				BeforeProcessingInitializeOnLoad (144ms)
				ProcessInitializeOnLoadAttributes (1737ms)
				ProcessInitializeOnLoadMethodAttributes (255ms)
				AfterProcessingInitializeOnLoad (8ms)
				EditorAssembliesLoaded (0ms)
			ExecutionOrderSort2 (0ms)
			AwakeInstancesAfterBackupRestoration (6ms)
Platform modules already initialized, skipping
========================================================================
Worker process is ready to serve import requests
Launched and connected shader compiler UnityShaderCompiler.exe after 0.21 seconds
Refreshing native plugins compatible for Editor in 1.06 ms, found 17 plugins.
Preloading 2 native plugins for Editor in 0.09 ms.
Unloading 3789 Unused Serialized files (Serialized files now loaded: 0)
System memory in use before: 149.8 MB.
System memory in use after: 149.6 MB.

Unloading 79 unused Assets to reduce memory usage. Loaded Objects now: 4226.
Total: 4.284400 ms (FindLiveObjects: 0.348700 ms CreateObjectMapping: 0.143400 ms MarkObjects: 3.579000 ms  DeleteObjects: 0.212300 ms)

AssetImportParameters requested are different than current active one (requested -> active):
  custom:framework-win-MediaFoundation: 216162199b28c13a410421893ffa2e32 -> 
  custom:video-decoder-ogg-theora: a1e56fd34408186e4bbccfd4996cb3dc -> 
  custom:container-muxer-webm: aa71ff27fc2769a1b78a27578f13a17b -> 
  custom:container-demuxer-webm: 4f35f7cbe854078d1ac9338744f61a02 -> 
  custom:container-demuxer-ogg: 62fdf1f143b41e24485cea50d1cbac27 -> 
  custom:video-encoder-webm-vp8: eb34c28f22e8b96e1ab97ce403110664 -> 
  custom:video-decoder-webm-vp8: 9c59270c3fd7afecdb556c50c9e8de78 -> 
  custom:audio-decoder-ogg-vorbis: bf7c407c2cedff20999df2af8eb42d56 -> 
  custom:audio-encoder-webm-vorbis: bf7c407c2cedff20999df2af8eb42d56 -> 
========================================================================
Received Import Request.
  path: Assets/MRTK.Tutorials.GettingStarted/Models
  artifactKey: Guid(380972eb5e606394c9a07e96dfd1b655) Importer(815301076,1909f56bfc062723c751e8b465ee728b)
Start importing Assets/MRTK.Tutorials.GettingStarted/Models using Guid(380972eb5e606394c9a07e96dfd1b655) Importer(815301076,1909f56bfc062723c751e8b465ee728b)  -> (artifact id: 'd8a3b0339e6ac5fbc90a446bfecb9dd7') in 0.006913 seconds 
  Import took 0.011739 seconds .

========================================================================
Received Import Request.
  Time since last request: 0.000338 seconds.
  path: Assets/MRTK.Tutorials.GettingStarted/Scripts
  artifactKey: Guid(f1874e5da107f5f44b0bce17f3eb0d3e) Importer(815301076,1909f56bfc062723c751e8b465ee728b)
Start importing Assets/MRTK.Tutorials.GettingStarted/Scripts using Guid(f1874e5da107f5f44b0bce17f3eb0d3e) Importer(815301076,1909f56bfc062723c751e8b465ee728b)  -> (artifact id: '4e5a429cfbca05c5aee4d9beaeadde10') in 0.002764 seconds 
  Import took 0.025815 seconds .

========================================================================
Received Import Request.
  Time since last request: 56.934935 seconds.
  path: Assets/MRTK.Tutorials.MultiUserCapabilities/Prefabs
  artifactKey: Guid(55f5eaaba8dbc784584341c606e89278) Importer(815301076,1909f56bfc062723c751e8b465ee728b)
Start importing Assets/MRTK.Tutorials.MultiUserCapabilities/Prefabs using Guid(55f5eaaba8dbc784584341c606e89278) Importer(815301076,1909f56bfc062723c751e8b465ee728b)  -> (artifact id: 'dff2effebf6d495f61cc00f48d7fd4a7') in 0.003181 seconds 
  Import took 0.008185 seconds .

========================================================================
Received Import Request.
  Time since last request: 0.001218 seconds.
  path: Assets/MRTK.Tutorials.MultiUserCapabilities/Prefabs
  artifactKey: Guid(55f5eaaba8dbc784584341c606e89278) Importer(815301076,1909f56bfc062723c751e8b465ee728b)
Start importing Assets/MRTK.Tutorials.MultiUserCapabilities/Prefabs using Guid(55f5eaaba8dbc784584341c606e89278) Importer(815301076,1909f56bfc062723c751e8b465ee728b)  -> (artifact id: 'dff2effebf6d495f61cc00f48d7fd4a7') in 0.002936 seconds 
  Import took 0.007998 seconds .

========================================================================
Received Import Request.
  Time since last request: 0.092255 seconds.
  path: Assets/MRTK.Tutorials.MultiUserCapabilities/Prefabs/Buttons.prefab
  artifactKey: Guid(1d468ba087db3f2438ce842236470f57) Importer(815301076,1909f56bfc062723c751e8b465ee728b)
Start importing Assets/MRTK.Tutorials.MultiUserCapabilities/Prefabs/Buttons.prefab using Guid(1d468ba087db3f2438ce842236470f57) Importer(815301076,1909f56bfc062723c751e8b465ee728b)  -> (artifact id: 'df1d2e540254d1f6d40dd065848472db') in 0.325105 seconds 
  Import took 0.330641 seconds .

========================================================================
Received Import Request.
  Time since last request: 0.000217 seconds.
  path: Assets/MRTK.Tutorials.MultiUserCapabilities/Prefabs/TableAnchor.prefab
  artifactKey: Guid(027a280457906a64aa8223f89eaac773) Importer(815301076,1909f56bfc062723c751e8b465ee728b)
Start importing Assets/MRTK.Tutorials.MultiUserCapabilities/Prefabs/TableAnchor.prefab using Guid(027a280457906a64aa8223f89eaac773) Importer(815301076,1909f56bfc062723c751e8b465ee728b)  -> (artifact id: 'a9c2abbb86762605bb769a34674d6ea8') in 0.057364 seconds 
  Import took 0.062579 seconds .

========================================================================
Received Import Request.
  Time since last request: 0.000324 seconds.
  path: Assets/MRTK.Tutorials.MultiUserCapabilities/Prefabs/SharedPlayground.prefab
  artifactKey: Guid(4aeabbb233e1c2b4ba1fe9294d3a28d0) Importer(815301076,1909f56bfc062723c751e8b465ee728b)
Start importing Assets/MRTK.Tutorials.MultiUserCapabilities/Prefabs/SharedPlayground.prefab using Guid(4aeabbb233e1c2b4ba1fe9294d3a28d0) Importer(815301076,1909f56bfc062723c751e8b465ee728b)  -> (artifact id: 'ae4bd07c98b6af5a9591d3f73f70e49a') in 0.006559 seconds 
  Import took 0.027944 seconds .

========================================================================
Received Import Request.
  Time since last request: 0.000260 seconds.
  path: Assets/MRTK.Tutorials.MultiUserCapabilities/Prefabs/NetworkLobby.prefab
  artifactKey: Guid(14cae43a723f13c48b7eb9496c8a09ab) Importer(815301076,1909f56bfc062723c751e8b465ee728b)
Start importing Assets/MRTK.Tutorials.MultiUserCapabilities/Prefabs/NetworkLobby.prefab using Guid(14cae43a723f13c48b7eb9496c8a09ab) Importer(815301076,1909f56bfc062723c751e8b465ee728b)  -> (artifact id: '3e2811599d047fd7be0cbb9655f3ed48') in 0.006289 seconds 
  Import took 0.011472 seconds .

========================================================================
Received Prepare
Registering precompiled user dll's ...
Registered in 0.031696 seconds.
Begin MonoManager ReloadAssembly
Native extension for LinuxStandalone target not found
Native extension for WindowsStandalone target not found
Refreshing native plugins compatible for Editor in 1.12 ms, found 17 plugins.
Preloading 2 native plugins for Editor in 0.10 ms.
Error when attempting to update scene info fields. Scene info data may be stale.
UnityEngine.StackTraceUtility:ExtractStackTrace ()
UnityEngine.DebugLogHandler:LogFormat (UnityEngine.LogType,UnityEngine.Object,string,object[])
UnityEngine.Logger:Log (UnityEngine.LogType,object)
UnityEngine.Debug:LogWarning (object)
Microsoft.MixedReality.Toolkit.Editor.SceneInfoUtils:RefreshSceneInfoFieldsInScriptableObjects () (at Library/PackageCache/com.microsoft.mixedreality.toolkit.foundation@71f3b9395486-1633636436535/Core/Inspectors/PropertyDrawers/SceneInfoUtils.cs:313)
Microsoft.MixedReality.Toolkit.Editor.SceneInfoUtils:InitializeOnLoad () (at Library/PackageCache/com.microsoft.mixedreality.toolkit.foundation@71f3b9395486-1633636436535/Core/Inspectors/PropertyDrawers/SceneInfoUtils.cs:231)
System.Reflection.MonoMethod:Invoke (object,System.Reflection.BindingFlags,System.Reflection.Binder,object[],System.Globalization.CultureInfo)
System.Reflection.MethodBase:Invoke (object,object[])
UnityEditor.EditorAssemblies:ProcessInitializeOnLoadMethodAttributes ()

(Filename: Library/PackageCache/com.microsoft.mixedreality.toolkit.foundation@71f3b9395486-1633636436535/Core/Inspectors/PropertyDrawers/SceneInfoUtils.cs Line: 313)

Mono: successfully reloaded assembly
- Completed reload, in  2.770 seconds
Domain Reload Profiling:
	ReloadAssembly (2772ms)
		BeginReloadAssembly (159ms)
			ExecutionOrderSort (0ms)
			DisableScriptedObjects (5ms)
			BackupInstance (0ms)
			ReleaseScriptingObjects (0ms)
			CreateAndSetChildDomain (49ms)
		EndReloadAssembly (2534ms)
			LoadAssemblies (178ms)
			RebuildTransferFunctionScriptingTraits (0ms)
			SetupTypeCache (378ms)
			ReleaseScriptCaches (1ms)
			RebuildScriptCaches (65ms)
			SetupLoadedEditorAssemblies (1763ms)
				LogAssemblyErrors (0ms)
				InitializePlatformSupportModulesInManaged (6ms)
				SetLoadedEditorAssemblies (1ms)
				RefreshPlugins (1ms)
				BeforeProcessingInitializeOnLoad (146ms)
				ProcessInitializeOnLoadAttributes (1379ms)
				ProcessInitializeOnLoadMethodAttributes (222ms)
				AfterProcessingInitializeOnLoad (7ms)
				EditorAssembliesLoaded (0ms)
			ExecutionOrderSort2 (0ms)
			AwakeInstancesAfterBackupRestoration (14ms)
Platform modules already initialized, skipping
Switching build target platform(19) subTarget(0) extendedPlatform(0) -> platform(21) subTarget(0) extendedPlatform(0)
Refreshing native plugins compatible for Editor in 1.44 ms, found 17 plugins.
Preloading 2 native plugins for Editor in 0.10 ms.
Unloading 3708 Unused Serialized files (Serialized files now loaded: 0)
System memory in use before: 148.4 MB.
System memory in use after: 148.3 MB.

Unloading 94 unused Assets to reduce memory usage. Loaded Objects now: 4253.
Total: 3.582900 ms (FindLiveObjects: 0.334900 ms CreateObjectMapping: 0.188200 ms MarkObjects: 2.912000 ms  DeleteObjects: 0.146700 ms)

AssetImportParameters requested are different than current active one (requested -> active):
  custom:framework-win-MediaFoundation: 216162199b28c13a410421893ffa2e32 -> 
  custom:video-decoder-ogg-theora: a1e56fd34408186e4bbccfd4996cb3dc -> 
  custom:container-muxer-webm: aa71ff27fc2769a1b78a27578f13a17b -> 
  custom:container-demuxer-webm: 4f35f7cbe854078d1ac9338744f61a02 -> 
  custom:container-demuxer-ogg: 62fdf1f143b41e24485cea50d1cbac27 -> 
  custom:video-encoder-webm-vp8: eb34c28f22e8b96e1ab97ce403110664 -> 
  custom:video-decoder-webm-vp8: 9c59270c3fd7afecdb556c50c9e8de78 -> 
  custom:audio-decoder-ogg-vorbis: bf7c407c2cedff20999df2af8eb42d56 -> 
  custom:audio-encoder-webm-vorbis: bf7c407c2cedff20999df2af8eb42d56 -> 
========================================================================
Received Import Request.
  Time since last request: 271.728844 seconds.
  path: Assets/MRTK.Tutorials.MultiUserCapabilities/Prefabs/Buttons.prefab
  artifactKey: Guid(1d468ba087db3f2438ce842236470f57) Importer(815301076,1909f56bfc062723c751e8b465ee728b)
Start importing Assets/MRTK.Tutorials.MultiUserCapabilities/Prefabs/Buttons.prefab using Guid(1d468ba087db3f2438ce842236470f57) Importer(815301076,1909f56bfc062723c751e8b465ee728b)  -> (artifact id: '80562a01c13e46cdcec504a7cf30c6d1') in 0.204265 seconds 
  Import took 0.211923 seconds .

========================================================================
Received Import Request.
  Time since last request: 0.000317 seconds.
  path: Assets/MRTK.Tutorials.MultiUserCapabilities/Prefabs/TableAnchor.prefab
  artifactKey: Guid(027a280457906a64aa8223f89eaac773) Importer(815301076,1909f56bfc062723c751e8b465ee728b)
Start importing Assets/MRTK.Tutorials.MultiUserCapabilities/Prefabs/TableAnchor.prefab using Guid(027a280457906a64aa8223f89eaac773) Importer(815301076,1909f56bfc062723c751e8b465ee728b)  -> (artifact id: 'ea076f29635b6a90af3470dcbf8564af') in 0.043277 seconds 
  Import took 0.049287 seconds .

========================================================================
Received Import Request.
  Time since last request: 0.000254 seconds.
  path: Assets/MRTK.Tutorials.MultiUserCapabilities/Prefabs/SharedPlayground.prefab
  artifactKey: Guid(4aeabbb233e1c2b4ba1fe9294d3a28d0) Importer(815301076,1909f56bfc062723c751e8b465ee728b)
Start importing Assets/MRTK.Tutorials.MultiUserCapabilities/Prefabs/SharedPlayground.prefab using Guid(4aeabbb233e1c2b4ba1fe9294d3a28d0) Importer(815301076,1909f56bfc062723c751e8b465ee728b)  -> (artifact id: 'abd32efed6ded05d6961688157864f20') in 0.008358 seconds 
  Import took 0.014840 seconds .

========================================================================
Received Import Request.
  Time since last request: 0.000195 seconds.
  path: Assets/MRTK.Tutorials.MultiUserCapabilities/Prefabs/NetworkLobby.prefab
  artifactKey: Guid(14cae43a723f13c48b7eb9496c8a09ab) Importer(815301076,1909f56bfc062723c751e8b465ee728b)
Start importing Assets/MRTK.Tutorials.MultiUserCapabilities/Prefabs/NetworkLobby.prefab using Guid(14cae43a723f13c48b7eb9496c8a09ab) Importer(815301076,1909f56bfc062723c751e8b465ee728b)  -> (artifact id: '02795252bb5b472f67a6f19cfd8c9cb3') in 0.008421 seconds 
  Import took 0.043994 seconds .

========================================================================
Received Prepare
Registering precompiled user dll's ...
Registered in 0.028529 seconds.
Begin MonoManager ReloadAssembly
Native extension for LinuxStandalone target not found
Native extension for WindowsStandalone target not found
Refreshing native plugins compatible for Editor in 3.42 ms, found 17 plugins.
Preloading 2 native plugins for Editor in 0.18 ms.
Error when attempting to update scene info fields. Scene info data may be stale.
UnityEngine.StackTraceUtility:ExtractStackTrace ()
UnityEngine.DebugLogHandler:LogFormat (UnityEngine.LogType,UnityEngine.Object,string,object[])
UnityEngine.Logger:Log (UnityEngine.LogType,object)
UnityEngine.Debug:LogWarning (object)
Microsoft.MixedReality.Toolkit.Editor.SceneInfoUtils:RefreshSceneInfoFieldsInScriptableObjects () (at Library/PackageCache/com.microsoft.mixedreality.toolkit.foundation@71f3b9395486-1633636436535/Core/Inspectors/PropertyDrawers/SceneInfoUtils.cs:313)
Microsoft.MixedReality.Toolkit.Editor.SceneInfoUtils:InitializeOnLoad () (at Library/PackageCache/com.microsoft.mixedreality.toolkit.foundation@71f3b9395486-1633636436535/Core/Inspectors/PropertyDrawers/SceneInfoUtils.cs:231)
System.Reflection.MonoMethod:Invoke (object,System.Reflection.BindingFlags,System.Reflection.Binder,object[],System.Globalization.CultureInfo)
System.Reflection.MethodBase:Invoke (object,object[])
UnityEditor.EditorAssemblies:ProcessInitializeOnLoadMethodAttributes ()

(Filename: Library/PackageCache/com.microsoft.mixedreality.toolkit.foundation@71f3b9395486-1633636436535/Core/Inspectors/PropertyDrawers/SceneInfoUtils.cs Line: 313)

Mono: successfully reloaded assembly
- Completed reload, in  4.009 seconds
Domain Reload Profiling:
	ReloadAssembly (4010ms)
		BeginReloadAssembly (225ms)
			ExecutionOrderSort (0ms)
			DisableScriptedObjects (8ms)
			BackupInstance (0ms)
			ReleaseScriptingObjects (0ms)
			CreateAndSetChildDomain (99ms)
		EndReloadAssembly (3703ms)
			LoadAssemblies (206ms)
			RebuildTransferFunctionScriptingTraits (0ms)
			SetupTypeCache (447ms)
			ReleaseScriptCaches (1ms)
			RebuildScriptCaches (116ms)
			SetupLoadedEditorAssemblies (2567ms)
				LogAssemblyErrors (0ms)
				InitializePlatformSupportModulesInManaged (15ms)
				SetLoadedEditorAssemblies (2ms)
				RefreshPlugins (4ms)
				BeforeProcessingInitializeOnLoad (479ms)
				ProcessInitializeOnLoadAttributes (1808ms)
				ProcessInitializeOnLoadMethodAttributes (251ms)
				AfterProcessingInitializeOnLoad (9ms)
				EditorAssembliesLoaded (0ms)
			ExecutionOrderSort2 (0ms)
			AwakeInstancesAfterBackupRestoration (18ms)
Platform modules already initialized, skipping
Switching build target platform(19) subTarget(0) extendedPlatform(0) -> platform(21) subTarget(0) extendedPlatform(0)
Refreshing native plugins compatible for Editor in 1.24 ms, found 17 plugins.
Preloading 2 native plugins for Editor in 0.12 ms.
Unloading 3692 Unused Serialized files (Serialized files now loaded: 0)
System memory in use before: 148.0 MB.
System memory in use after: 147.9 MB.

Unloading 83 unused Assets to reduce memory usage. Loaded Objects now: 4242.
Total: 3.732200 ms (FindLiveObjects: 0.356100 ms CreateObjectMapping: 0.185000 ms MarkObjects: 3.080900 ms  DeleteObjects: 0.108800 ms)

AssetImportParameters requested are different than current active one (requested -> active):
  custom:framework-win-MediaFoundation: 216162199b28c13a410421893ffa2e32 -> 
  custom:video-decoder-ogg-theora: a1e56fd34408186e4bbccfd4996cb3dc -> 
  custom:container-muxer-webm: aa71ff27fc2769a1b78a27578f13a17b -> 
  custom:container-demuxer-webm: 4f35f7cbe854078d1ac9338744f61a02 -> 
  custom:container-demuxer-ogg: 62fdf1f143b41e24485cea50d1cbac27 -> 
  custom:video-encoder-webm-vp8: eb34c28f22e8b96e1ab97ce403110664 -> 
  custom:video-decoder-webm-vp8: 9c59270c3fd7afecdb556c50c9e8de78 -> 
  custom:audio-decoder-ogg-vorbis: bf7c407c2cedff20999df2af8eb42d56 -> 
  custom:audio-encoder-webm-vorbis: bf7c407c2cedff20999df2af8eb42d56 -> 
========================================================================
Received Prepare
Registering precompiled user dll's ...
Registered in 0.025475 seconds.
Begin MonoManager ReloadAssembly
Native extension for LinuxStandalone target not found
Native extension for WindowsStandalone target not found
Refreshing native plugins compatible for Editor in 1.28 ms, found 17 plugins.
Preloading 2 native plugins for Editor in 0.09 ms.
Error when attempting to update scene info fields. Scene info data may be stale.
UnityEngine.StackTraceUtility:ExtractStackTrace ()
UnityEngine.DebugLogHandler:LogFormat (UnityEngine.LogType,UnityEngine.Object,string,object[])
UnityEngine.Logger:Log (UnityEngine.LogType,object)
UnityEngine.Debug:LogWarning (object)
Microsoft.MixedReality.Toolkit.Editor.SceneInfoUtils:RefreshSceneInfoFieldsInScriptableObjects () (at Library/PackageCache/com.microsoft.mixedreality.toolkit.foundation@71f3b9395486-1633636436535/Core/Inspectors/PropertyDrawers/SceneInfoUtils.cs:313)
Microsoft.MixedReality.Toolkit.Editor.SceneInfoUtils:InitializeOnLoad () (at Library/PackageCache/com.microsoft.mixedreality.toolkit.foundation@71f3b9395486-1633636436535/Core/Inspectors/PropertyDrawers/SceneInfoUtils.cs:231)
System.Reflection.MonoMethod:Invoke (object,System.Reflection.BindingFlags,System.Reflection.Binder,object[],System.Globalization.CultureInfo)
System.Reflection.MethodBase:Invoke (object,object[])
UnityEditor.EditorAssemblies:ProcessInitializeOnLoadMethodAttributes ()

(Filename: Library/PackageCache/com.microsoft.mixedreality.toolkit.foundation@71f3b9395486-1633636436535/Core/Inspectors/PropertyDrawers/SceneInfoUtils.cs Line: 313)

Mono: successfully reloaded assembly
- Completed reload, in  2.709 seconds
Domain Reload Profiling:
	ReloadAssembly (2709ms)
		BeginReloadAssembly (142ms)
			ExecutionOrderSort (0ms)
			DisableScriptedObjects (6ms)
			BackupInstance (0ms)
			ReleaseScriptingObjects (0ms)
			CreateAndSetChildDomain (41ms)
		EndReloadAssembly (2500ms)
			LoadAssemblies (178ms)
			RebuildTransferFunctionScriptingTraits (0ms)
			SetupTypeCache (322ms)
			ReleaseScriptCaches (1ms)
			RebuildScriptCaches (48ms)
			SetupLoadedEditorAssemblies (1671ms)
				LogAssemblyErrors (0ms)
				InitializePlatformSupportModulesInManaged (9ms)
				SetLoadedEditorAssemblies (1ms)
				RefreshPlugins (1ms)
				BeforeProcessingInitializeOnLoad (127ms)
				ProcessInitializeOnLoadAttributes (1324ms)
				ProcessInitializeOnLoadMethodAttributes (201ms)
				AfterProcessingInitializeOnLoad (8ms)
				EditorAssembliesLoaded (0ms)
			ExecutionOrderSort2 (0ms)
			AwakeInstancesAfterBackupRestoration (15ms)
Platform modules already initialized, skipping
Switching build target platform(19) subTarget(0) extendedPlatform(0) -> platform(21) subTarget(0) extendedPlatform(0)
Refreshing native plugins compatible for Editor in 1.13 ms, found 17 plugins.
Preloading 2 native plugins for Editor in 0.10 ms.
Unloading 3696 Unused Serialized files (Serialized files now loaded: 0)
System memory in use before: 148.1 MB.
System memory in use after: 148.0 MB.

Unloading 67 unused Assets to reduce memory usage. Loaded Objects now: 4250.
Total: 4.022000 ms (FindLiveObjects: 0.371900 ms CreateObjectMapping: 0.192300 ms MarkObjects: 3.364700 ms  DeleteObjects: 0.092000 ms)

AssetImportParameters requested are different than current active one (requested -> active):
  custom:framework-win-MediaFoundation: 216162199b28c13a410421893ffa2e32 -> 
  custom:video-decoder-ogg-theora: a1e56fd34408186e4bbccfd4996cb3dc -> 
  custom:container-muxer-webm: aa71ff27fc2769a1b78a27578f13a17b -> 
  custom:container-demuxer-webm: 4f35f7cbe854078d1ac9338744f61a02 -> 
  custom:container-demuxer-ogg: 62fdf1f143b41e24485cea50d1cbac27 -> 
  custom:video-encoder-webm-vp8: eb34c28f22e8b96e1ab97ce403110664 -> 
  custom:video-decoder-webm-vp8: 9c59270c3fd7afecdb556c50c9e8de78 -> 
  custom:audio-decoder-ogg-vorbis: bf7c407c2cedff20999df2af8eb42d56 -> 
  custom:audio-encoder-webm-vorbis: bf7c407c2cedff20999df2af8eb42d56 -> 
========================================================================
Received Import Request.
  Time since last request: 261.061799 seconds.
  path: Assets/MRTK.Tutorials.MultiUserCapabilities/Scripts/TableAnchor.cs
  artifactKey: Guid(be98ac4c5d0cfbe449727358153517da) Importer(815301076,1909f56bfc062723c751e8b465ee728b)
Start importing Assets/MRTK.Tutorials.MultiUserCapabilities/Scripts/TableAnchor.cs using Guid(be98ac4c5d0cfbe449727358153517da) Importer(815301076,1909f56bfc062723c751e8b465ee728b)  -> (artifact id: 'ce7fa77a65d397b89dde3f2998c72a2d') in 0.013447 seconds 
  Import took 0.019488 seconds .

========================================================================
Received Prepare
Registering precompiled user dll's ...
Registered in 0.031767 seconds.
Begin MonoManager ReloadAssembly
Native extension for LinuxStandalone target not found
Native extension for WindowsStandalone target not found
Refreshing native plugins compatible for Editor in 1.15 ms, found 17 plugins.
Preloading 2 native plugins for Editor in 0.10 ms.
Error when attempting to update scene info fields. Scene info data may be stale.
UnityEngine.StackTraceUtility:ExtractStackTrace ()
UnityEngine.DebugLogHandler:LogFormat (UnityEngine.LogType,UnityEngine.Object,string,object[])
UnityEngine.Logger:Log (UnityEngine.LogType,object)
UnityEngine.Debug:LogWarning (object)
Microsoft.MixedReality.Toolkit.Editor.SceneInfoUtils:RefreshSceneInfoFieldsInScriptableObjects () (at Library/PackageCache/com.microsoft.mixedreality.toolkit.foundation@71f3b9395486-1633636436535/Core/Inspectors/PropertyDrawers/SceneInfoUtils.cs:313)
Microsoft.MixedReality.Toolkit.Editor.SceneInfoUtils:InitializeOnLoad () (at Library/PackageCache/com.microsoft.mixedreality.toolkit.foundation@71f3b9395486-1633636436535/Core/Inspectors/PropertyDrawers/SceneInfoUtils.cs:231)
System.Reflection.MonoMethod:Invoke (object,System.Reflection.BindingFlags,System.Reflection.Binder,object[],System.Globalization.CultureInfo)
System.Reflection.MethodBase:Invoke (object,object[])
UnityEditor.EditorAssemblies:ProcessInitializeOnLoadMethodAttributes ()

(Filename: Library/PackageCache/com.microsoft.mixedreality.toolkit.foundation@71f3b9395486-1633636436535/Core/Inspectors/PropertyDrawers/SceneInfoUtils.cs Line: 313)

Mono: successfully reloaded assembly
- Completed reload, in  2.574 seconds
Domain Reload Profiling:
	ReloadAssembly (2575ms)
		BeginReloadAssembly (139ms)
			ExecutionOrderSort (0ms)
			DisableScriptedObjects (4ms)
			BackupInstance (0ms)
			ReleaseScriptingObjects (0ms)
			CreateAndSetChildDomain (42ms)
		EndReloadAssembly (2378ms)
			LoadAssemblies (172ms)
			RebuildTransferFunctionScriptingTraits (0ms)
			SetupTypeCache (324ms)
			ReleaseScriptCaches (1ms)
			RebuildScriptCaches (52ms)
			SetupLoadedEditorAssemblies (1661ms)
				LogAssemblyErrors (0ms)
				InitializePlatformSupportModulesInManaged (6ms)
				SetLoadedEditorAssemblies (1ms)
				RefreshPlugins (1ms)
				BeforeProcessingInitializeOnLoad (127ms)
				ProcessInitializeOnLoadAttributes (1314ms)
				ProcessInitializeOnLoadMethodAttributes (204ms)
				AfterProcessingInitializeOnLoad (8ms)
				EditorAssembliesLoaded (0ms)
			ExecutionOrderSort2 (0ms)
			AwakeInstancesAfterBackupRestoration (14ms)
Platform modules already initialized, skipping
Switching build target platform(19) subTarget(0) extendedPlatform(0) -> platform(21) subTarget(0) extendedPlatform(0)
Refreshing native plugins compatible for Editor in 1.15 ms, found 17 plugins.
Preloading 2 native plugins for Editor in 0.09 ms.
Unloading 3708 Unused Serialized files (Serialized files now loaded: 0)
System memory in use before: 148.5 MB.
System memory in use after: 148.4 MB.

Unloading 67 unused Assets to reduce memory usage. Loaded Objects now: 4266.
Total: 3.885400 ms (FindLiveObjects: 0.355600 ms CreateObjectMapping: 0.192300 ms MarkObjects: 3.250200 ms  DeleteObjects: 0.086200 ms)

AssetImportParameters requested are different than current active one (requested -> active):
  custom:framework-win-MediaFoundation: 216162199b28c13a410421893ffa2e32 -> 
  custom:video-decoder-ogg-theora: a1e56fd34408186e4bbccfd4996cb3dc -> 
  custom:container-muxer-webm: aa71ff27fc2769a1b78a27578f13a17b -> 
  custom:container-demuxer-webm: 4f35f7cbe854078d1ac9338744f61a02 -> 
  custom:container-demuxer-ogg: 62fdf1f143b41e24485cea50d1cbac27 -> 
  custom:video-encoder-webm-vp8: eb34c28f22e8b96e1ab97ce403110664 -> 
  custom:video-decoder-webm-vp8: 9c59270c3fd7afecdb556c50c9e8de78 -> 
  custom:audio-decoder-ogg-vorbis: bf7c407c2cedff20999df2af8eb42d56 -> 
  custom:audio-encoder-webm-vorbis: bf7c407c2cedff20999df2af8eb42d56 -> 
========================================================================
Received Import Request.
  Time since last request: 39.075828 seconds.
  path: Assets/MRTK.Tutorials.MultiUserCapabilities/Prefabs/TableAnchor.prefab
  artifactKey: Guid(027a280457906a64aa8223f89eaac773) Importer(815301076,1909f56bfc062723c751e8b465ee728b)
Start importing Assets/MRTK.Tutorials.MultiUserCapabilities/Prefabs/TableAnchor.prefab using Guid(027a280457906a64aa8223f89eaac773) Importer(815301076,1909f56bfc062723c751e8b465ee728b)  -> (artifact id: 'bcc7d3f3363d8cf581758281bba06a75') in 0.056326 seconds 
  Import took 0.061616 seconds .

========================================================================
Received Import Request.
  Time since last request: 25.975456 seconds.
  path: Assets/MRTK.Tutorials.MultiUserCapabilities/Resources
  artifactKey: Guid(f8a91357dfd270c4d945d5d06542a5b2) Importer(815301076,1909f56bfc062723c751e8b465ee728b)
Start importing Assets/MRTK.Tutorials.MultiUserCapabilities/Resources using Guid(f8a91357dfd270c4d945d5d06542a5b2) Importer(815301076,1909f56bfc062723c751e8b465ee728b)  -> (artifact id: '5981fd692ceb2f8978c059137ef2ad44') in 0.004062 seconds 
  Import took 0.009234 seconds .

========================================================================
Received Import Request.
  Time since last request: 0.001313 seconds.
  path: Assets/MRTK.Tutorials.MultiUserCapabilities/Resources
  artifactKey: Guid(f8a91357dfd270c4d945d5d06542a5b2) Importer(815301076,1909f56bfc062723c751e8b465ee728b)
Start importing Assets/MRTK.Tutorials.MultiUserCapabilities/Resources using Guid(f8a91357dfd270c4d945d5d06542a5b2) Importer(815301076,1909f56bfc062723c751e8b465ee728b)  -> (artifact id: '5981fd692ceb2f8978c059137ef2ad44') in 0.002772 seconds 
  Import took 0.007867 seconds .

========================================================================
Received Import Request.
  Time since last request: 0.083837 seconds.
  path: Assets/MRTK.Tutorials.MultiUserCapabilities/Resources/PhotonUser.prefab
  artifactKey: Guid(77681e113a66a094ca9b8d6e673d84e0) Importer(815301076,1909f56bfc062723c751e8b465ee728b)
Start importing Assets/MRTK.Tutorials.MultiUserCapabilities/Resources/PhotonUser.prefab using Guid(77681e113a66a094ca9b8d6e673d84e0) Importer(815301076,1909f56bfc062723c751e8b465ee728b)  -> (artifact id: '15fc6ea8925b30f5229ccb2c0bd8dea8') in 0.053493 seconds 
  Import took 0.060721 seconds .

========================================================================
Received Import Request.
  Time since last request: 0.000307 seconds.
  path: Assets/MRTK.Tutorials.MultiUserCapabilities/Resources/RoverExplorer_Complete_Variant.prefab
  artifactKey: Guid(3aada5ac7445eba458862c38f8f93acf) Importer(815301076,1909f56bfc062723c751e8b465ee728b)
Start importing Assets/MRTK.Tutorials.MultiUserCapabilities/Resources/RoverExplorer_Complete_Variant.prefab using Guid(3aada5ac7445eba458862c38f8f93acf) Importer(815301076,1909f56bfc062723c751e8b465ee728b)  -> (artifact id: 'f7b91d18e1c15b955b4d54f37dc3b83c') in 0.422761 seconds 
  Import took 0.440596 seconds .

AssetImportWorkerClient::OnTransportError - code=2 error=End of file
